<html>
<head>
<title>TestNG:  Test</title>
<link href="../testng.css" rel="stylesheet" type="text/css" />
<link href="../my-testng.css" rel="stylesheet" type="text/css" />

<style type="text/css">
.log { display: none;} 
.stack-trace { display: none;} 
</style>
<script type="text/javascript">
<!--
function flip(e) {
  current = e.style.display;
  if (current == 'block') {
    e.style.display = 'none';
    return 0;
  }
  else {
    e.style.display = 'block';
    return 1;
  }
}

function toggleBox(szDivId, elem, msg1, msg2)
{
  var res = -1;  if (document.getElementById) {
    res = flip(document.getElementById(szDivId));
  }
  else if (document.all) {
    // this is the way old msie versions work
    res = flip(document.all[szDivId]);
  }
  if(elem) {
    if(res == 0) elem.innerHTML = msg1; else elem.innerHTML = msg2;
  }

}

function toggleAllBoxes() {
  if (document.getElementsByTagName) {
    d = document.getElementsByTagName('div');
    for (i = 0; i < d.length; i++) {
      if (d[i].className == 'log') {
        flip(d[i]);
      }
    }
  }
}

// -->
</script>

</head>
<body>
<h2 align='center'>Test</h2><table border='1' align="center">
<tr>
<td>Tests passed/Failed/Skipped:</td><td>11/2/0</td>
</tr><tr>
<td>Started on:</td><td>Tue Feb 22 18:25:13 IST 2022</td>
</tr>
<tr><td>Total time:</td><td>85 seconds (85579 ms)</td>
</tr><tr>
<td>Included groups:</td><td></td>
</tr><tr>
<td>Excluded groups:</td><td></td>
</tr>
</table><p/>
<small><i>(Hover the method name to see the test class name)</i></small><p/>
<table width='100%' border='1' class='invocation-failed'>
<tr><td colspan='4' align='center'><b>FAILED TESTS</b></td></tr>
<tr><td><b>Test method</b></td>
<td width="30%"><b>Exception</b></td>
<td width="10%"><b>Time (seconds)</b></td>
<td><b>Instance</b></td>
</tr>
<tr>
<td title='com.tms.tests.LoginPageTest.forgetpasswordlinktest()'><b>forgetpasswordlinktest</b><br>Test class: com.tms.tests.LoginPageTest<br>Test method: check forgetpassword link test<br>Parameters: {FeesPaid=, Email=, Computer Navigation Skill=, Unit=, Scheduleinfodesc=, linkedIn URL=, reference=, Name3=, password=, Billing Address=, Remarks=, Postalcode=, Street=, confirmpassword=, Name2=, Threshold=, Contact Number=, Date Of Birth=, Company Contact Person=, Meal Restrictions Type=, testname=forgetpasswordlinktest, execute=yes, Experience=, submenu=, newpassword1=, name=, Block=, name1=, Building=, Description=, phonenumber=, EnterText=, Course Brochure Determined=, Company Contact Person Number=, Deadline Date=, browser=chrome, Mobile No=, Email1=, Nric=, Domain Area of Practice=, Room=, Billing Email=, email=, Age=, Floor=, Maxintakesize=, menuname=, Coursecode=, Company Contact Person Email=, Coursevacdesc=, Scheduleinformation=, Company SME=, TPGateway=, Billing Zip=, Minintakesize=, Payment Amount=, oldpassword1=, Company Name=, Skill=, coursecode=, Meal Restrictions=, username=, Scheduleinfo=}</td>
<td><div><pre>org.openqa.selenium.TimeoutException: Expected condition failed: waiting for presence of element located by: By.xpath: //li[.=&quot;We can&apos;t find a user with that email address.&quot;] (tried for 10 second(s) with 500 milliseconds interval)
	at org.openqa.selenium.support.ui.WebDriverWait.timeoutException(WebDriverWait.java:138)
	at org.openqa.selenium.support.ui.FluentWait.until(FluentWait.java:231)
	at com.tms.factories.ExplicitWaitFactory.performExplicitWait(ExplicitWaitFactory.java:20)
	at com.tms.pages.BasePage.click(BasePage.java:21)
	at com.tms.pages.LoginPage.Checkvalidation1(LoginPage.java:43)
	at com.tms.tests.LoginPageTest.forgetpasswordlinktest(LoginPageTest.java:28)
	at java.base/java.util.concurrent.FutureTask.run(FutureTask.java:264)
	at java.base/java.util.concurrent.Executors$RunnableAdapter.call(Executors.java:515)
	at java.base/java.util.concurrent.FutureTask.run(FutureTask.java:264)
	at java.base/java.util.concurrent.ThreadPoolExecutor.runWorker(ThreadPoolExecutor.java:1128)
	at java.base/java.util.concurrent.ThreadPoolExecutor$Worker.run(ThreadPoolExecutor.java:628)
	at java.base/java.lang.Thread.run(Thread.java:834)
Caused by: org.openqa.selenium.NoSuchElementException: no such element: Unable to locate element: {&quot;method&quot;:&quot;xpath&quot;,&quot;selector&quot;:&quot;//li[.=&quot;We can&apos;t find a user with that email address.&quot;]&quot;}
  (Session info: chrome=98.0.4758.102)
For documentation on this error, please visit: https://selenium.dev/exceptions/#no_such_element
Build info: version: &apos;4.0.0-beta-3&apos;, revision: &apos;5d108f9a67&apos;
System info: host: &apos;LAPTOP-PVF3C24O&apos;, ip: &apos;192.168.1.17&apos;, os.name: &apos;Windows 10&apos;, os.arch: &apos;amd64&apos;, os.version: &apos;10.0&apos;, java.version: &apos;11.0.13&apos;
Driver info: org.openqa.selenium.chrome.ChromeDriver
Command: [bdbb6270bfcc85e294e8891cfe43c723, findElement {using=xpath, value=//li[.=&quot;We can&apos;t find a user with that email address.&quot;]}]
Capabilities {acceptInsecureCerts: false, browserName: chrome, browserVersion: 98.0.4758.102, chrome: {chromedriverVersion: 97.0.4692.71 (adefa7837d02a..., userDataDir: C:\Users\2STALL~1\AppData\L...}, goog:chromeOptions: {debuggerAddress: localhost:64029}, javascriptEnabled: true, networkConnectionEnabled: false, pageLoadStrategy: normal, platform: WINDOWS, platformName: WINDOWS, proxy: Proxy(), se:cdp: ws://localhost:64029/devtoo..., se:cdpVersion: 98.0.4758.102, setWindowRect: true, strictFileInteractability: false, timeouts: {implicit: 0, pageLoad: 300000, script: 30000}, unhandledPromptBehavior: dismiss and notify, webauthn:extension:credBlob: true, webauthn:extension:largeBlob: true, webauthn:virtualAuthenticators: true}
Session ID: bdbb6270bfcc85e294e8891cfe43c723
	at org.openqa.selenium.remote.codec.w3c.W3CHttpResponseCodec.createException(W3CHttpResponseCodec.java:198)
	at org.openqa.selenium.remote.codec.w3c.W3CHttpResponseCodec.decode(W3CHttpResponseCodec.java:131)
	at org.openqa.selenium.remote.codec.w3c.W3CHttpResponseCodec.decode(W3CHttpResponseCodec.java:52)
	at org.openqa.selenium.remote.HttpCommandExecutor.execute(HttpCommandExecutor.java:184)
	at org.openqa.selenium.remote.service.DriverCommandExecutor.invokeExecute(DriverCommandExecutor.java:153)
	at org.openqa.selenium.remote.service.DriverCommandExecutor.execute(DriverCommandExecutor.java:128)
	at org.openqa.selenium.remote.RemoteWebDriver.execute(RemoteWebDriver.java:619)
	at org.openqa.selenium.remote.RemoteWebDriver$Mechanism$2.findElement(RemoteWebDriver.java:1258)
	at org.openqa.selenium.remote.RemoteWebDriver.findElement(RemoteWebDriver.java:386)
	at org.openqa.selenium.remote.RemoteWebDriver.findElement(RemoteWebDriver.java:380)
	at org.openqa.selenium.support.ui.ExpectedConditions$6.apply(ExpectedConditions.java:174)
	at org.openqa.selenium.support.ui.ExpectedConditions$6.apply(ExpectedConditions.java:171)
	at org.openqa.selenium.support.ui.FluentWait.until(FluentWait.java:208)
	... 19 more
... Removed 12 stack frames</pre></div><a href='#' onClick='toggleBox("stack-trace1711490265", this, "Click to show all stack frames", "Click to hide stack frames")'>Click to show all stack frames</a>
<div class='stack-trace' id='stack-trace1711490265'><pre>org.openqa.selenium.TimeoutException: Expected condition failed: waiting for presence of element located by: By.xpath: //li[.=&quot;We can&apos;t find a user with that email address.&quot;] (tried for 10 second(s) with 500 milliseconds interval)
	at org.openqa.selenium.support.ui.WebDriverWait.timeoutException(WebDriverWait.java:138)
	at org.openqa.selenium.support.ui.FluentWait.until(FluentWait.java:231)
	at com.tms.factories.ExplicitWaitFactory.performExplicitWait(ExplicitWaitFactory.java:20)
	at com.tms.pages.BasePage.click(BasePage.java:21)
	at com.tms.pages.LoginPage.Checkvalidation1(LoginPage.java:43)
	at com.tms.tests.LoginPageTest.forgetpasswordlinktest(LoginPageTest.java:28)
	at java.base/jdk.internal.reflect.NativeMethodAccessorImpl.invoke0(Native Method)
	at java.base/jdk.internal.reflect.NativeMethodAccessorImpl.invoke(NativeMethodAccessorImpl.java:62)
	at java.base/jdk.internal.reflect.DelegatingMethodAccessorImpl.invoke(DelegatingMethodAccessorImpl.java:43)
	at java.base/java.lang.reflect.Method.invoke(Method.java:566)
	at org.testng.internal.MethodInvocationHelper.invokeMethod(MethodInvocationHelper.java:133)
	at org.testng.internal.TestInvoker.invokeMethod(TestInvoker.java:598)
	at org.testng.internal.TestInvoker.invokeTestMethod(TestInvoker.java:173)
	at org.testng.internal.TestMethodWithDataProviderMethodWorker.call(TestMethodWithDataProviderMethodWorker.java:77)
	at org.testng.internal.TestMethodWithDataProviderMethodWorker.call(TestMethodWithDataProviderMethodWorker.java:15)
	at java.base/java.util.concurrent.FutureTask.run(FutureTask.java:264)
	at java.base/java.util.concurrent.Executors$RunnableAdapter.call(Executors.java:515)
	at java.base/java.util.concurrent.FutureTask.run(FutureTask.java:264)
	at java.base/java.util.concurrent.ThreadPoolExecutor.runWorker(ThreadPoolExecutor.java:1128)
	at java.base/java.util.concurrent.ThreadPoolExecutor$Worker.run(ThreadPoolExecutor.java:628)
	at java.base/java.lang.Thread.run(Thread.java:834)
Caused by: org.openqa.selenium.NoSuchElementException: no such element: Unable to locate element: {&quot;method&quot;:&quot;xpath&quot;,&quot;selector&quot;:&quot;//li[.=&quot;We can&apos;t find a user with that email address.&quot;]&quot;}
  (Session info: chrome=98.0.4758.102)
For documentation on this error, please visit: https://selenium.dev/exceptions/#no_such_element
Build info: version: &apos;4.0.0-beta-3&apos;, revision: &apos;5d108f9a67&apos;
System info: host: &apos;LAPTOP-PVF3C24O&apos;, ip: &apos;192.168.1.17&apos;, os.name: &apos;Windows 10&apos;, os.arch: &apos;amd64&apos;, os.version: &apos;10.0&apos;, java.version: &apos;11.0.13&apos;
Driver info: org.openqa.selenium.chrome.ChromeDriver
Command: [bdbb6270bfcc85e294e8891cfe43c723, findElement {using=xpath, value=//li[.=&quot;We can&apos;t find a user with that email address.&quot;]}]
Capabilities {acceptInsecureCerts: false, browserName: chrome, browserVersion: 98.0.4758.102, chrome: {chromedriverVersion: 97.0.4692.71 (adefa7837d02a..., userDataDir: C:\Users\2STALL~1\AppData\L...}, goog:chromeOptions: {debuggerAddress: localhost:64029}, javascriptEnabled: true, networkConnectionEnabled: false, pageLoadStrategy: normal, platform: WINDOWS, platformName: WINDOWS, proxy: Proxy(), se:cdp: ws://localhost:64029/devtoo..., se:cdpVersion: 98.0.4758.102, setWindowRect: true, strictFileInteractability: false, timeouts: {implicit: 0, pageLoad: 300000, script: 30000}, unhandledPromptBehavior: dismiss and notify, webauthn:extension:credBlob: true, webauthn:extension:largeBlob: true, webauthn:virtualAuthenticators: true}
Session ID: bdbb6270bfcc85e294e8891cfe43c723
	at jdk.internal.reflect.GeneratedConstructorAccessor27.newInstance(Unknown Source)
	at java.base/jdk.internal.reflect.DelegatingConstructorAccessorImpl.newInstance(DelegatingConstructorAccessorImpl.java:45)
	at java.base/java.lang.reflect.Constructor.newInstance(Constructor.java:490)
	at org.openqa.selenium.remote.codec.w3c.W3CHttpResponseCodec.createException(W3CHttpResponseCodec.java:198)
	at org.openqa.selenium.remote.codec.w3c.W3CHttpResponseCodec.decode(W3CHttpResponseCodec.java:131)
	at org.openqa.selenium.remote.codec.w3c.W3CHttpResponseCodec.decode(W3CHttpResponseCodec.java:52)
	at org.openqa.selenium.remote.HttpCommandExecutor.execute(HttpCommandExecutor.java:184)
	at org.openqa.selenium.remote.service.DriverCommandExecutor.invokeExecute(DriverCommandExecutor.java:153)
	at org.openqa.selenium.remote.service.DriverCommandExecutor.execute(DriverCommandExecutor.java:128)
	at org.openqa.selenium.remote.RemoteWebDriver.execute(RemoteWebDriver.java:619)
	at org.openqa.selenium.remote.RemoteWebDriver$Mechanism$2.findElement(RemoteWebDriver.java:1258)
	at org.openqa.selenium.remote.RemoteWebDriver.findElement(RemoteWebDriver.java:386)
	at org.openqa.selenium.remote.RemoteWebDriver.findElement(RemoteWebDriver.java:380)
	at org.openqa.selenium.support.ui.ExpectedConditions$6.apply(ExpectedConditions.java:174)
	at org.openqa.selenium.support.ui.ExpectedConditions$6.apply(ExpectedConditions.java:171)
	at org.openqa.selenium.support.ui.FluentWait.until(FluentWait.java:208)
	... 19 more
</pre></div></td>
<td>14</td>
<td>com.tms.tests.LoginPageTest@6bd61f98</td></tr>
<tr>
<td title='com.tms.tests.LoginPageTest.forgetpasswordlinktest()'><b>forgetpasswordlinktest</b><br>Test class: com.tms.tests.LoginPageTest<br>Test method: check forgetpassword link test<br>Parameters: {FeesPaid=, Email=, Computer Navigation Skill=, Unit=, Scheduleinfodesc=, linkedIn URL=, reference=, Name3=, password=, Billing Address=, Remarks=, Postalcode=, Street=, confirmpassword=, Name2=, Threshold=, Contact Number=, Date Of Birth=, Company Contact Person=, Meal Restrictions Type=, testname=forgetpasswordlinktest, execute=yes, Experience=, submenu=, newpassword1=, name=, Block=, name1=, Building=, Description=, phonenumber=, EnterText=, Course Brochure Determined=, Company Contact Person Number=, Deadline Date=, browser=chrome, Mobile No=, Email1=, Nric=, Domain Area of Practice=, Room=, Billing Email=, email=, Age=, Floor=, Maxintakesize=, menuname=, Coursecode=, Company Contact Person Email=, Coursevacdesc=, Scheduleinformation=, Company SME=, TPGateway=, Billing Zip=, Minintakesize=, Payment Amount=, oldpassword1=, Company Name=, Skill=, coursecode=, Meal Restrictions=, username=, Scheduleinfo=}</td>
<td><div><pre>org.openqa.selenium.TimeoutException: Expected condition failed: waiting for presence of element located by: By.xpath: //li[.=&quot;We can&apos;t find a user with that email address.&quot;] (tried for 10 second(s) with 500 milliseconds interval)
	at org.openqa.selenium.support.ui.WebDriverWait.timeoutException(WebDriverWait.java:138)
	at org.openqa.selenium.support.ui.FluentWait.until(FluentWait.java:231)
	at com.tms.factories.ExplicitWaitFactory.performExplicitWait(ExplicitWaitFactory.java:20)
	at com.tms.pages.BasePage.click(BasePage.java:21)
	at com.tms.pages.LoginPage.Checkvalidation1(LoginPage.java:43)
	at com.tms.tests.LoginPageTest.forgetpasswordlinktest(LoginPageTest.java:28)
	at java.base/java.util.concurrent.FutureTask.run(FutureTask.java:264)
	at java.base/java.util.concurrent.Executors$RunnableAdapter.call(Executors.java:515)
	at java.base/java.util.concurrent.FutureTask.run(FutureTask.java:264)
	at java.base/java.util.concurrent.ThreadPoolExecutor.runWorker(ThreadPoolExecutor.java:1128)
	at java.base/java.util.concurrent.ThreadPoolExecutor$Worker.run(ThreadPoolExecutor.java:628)
	at java.base/java.lang.Thread.run(Thread.java:834)
Caused by: org.openqa.selenium.NoSuchElementException: no such element: Unable to locate element: {&quot;method&quot;:&quot;xpath&quot;,&quot;selector&quot;:&quot;//li[.=&quot;We can&apos;t find a user with that email address.&quot;]&quot;}
  (Session info: chrome=98.0.4758.102)
For documentation on this error, please visit: https://selenium.dev/exceptions/#no_such_element
Build info: version: &apos;4.0.0-beta-3&apos;, revision: &apos;5d108f9a67&apos;
System info: host: &apos;LAPTOP-PVF3C24O&apos;, ip: &apos;192.168.1.17&apos;, os.name: &apos;Windows 10&apos;, os.arch: &apos;amd64&apos;, os.version: &apos;10.0&apos;, java.version: &apos;11.0.13&apos;
Driver info: org.openqa.selenium.chrome.ChromeDriver
Command: [05fc9752e6a0cac257fc60ff4bf6a721, findElement {using=xpath, value=//li[.=&quot;We can&apos;t find a user with that email address.&quot;]}]
Capabilities {acceptInsecureCerts: false, browserName: chrome, browserVersion: 98.0.4758.102, chrome: {chromedriverVersion: 97.0.4692.71 (adefa7837d02a..., userDataDir: C:\Users\2STALL~1\AppData\L...}, goog:chromeOptions: {debuggerAddress: localhost:64032}, javascriptEnabled: true, networkConnectionEnabled: false, pageLoadStrategy: normal, platform: WINDOWS, platformName: WINDOWS, proxy: Proxy(), se:cdp: ws://localhost:64032/devtoo..., se:cdpVersion: 98.0.4758.102, setWindowRect: true, strictFileInteractability: false, timeouts: {implicit: 0, pageLoad: 300000, script: 30000}, unhandledPromptBehavior: dismiss and notify, webauthn:extension:credBlob: true, webauthn:extension:largeBlob: true, webauthn:virtualAuthenticators: true}
Session ID: 05fc9752e6a0cac257fc60ff4bf6a721
	at org.openqa.selenium.remote.codec.w3c.W3CHttpResponseCodec.createException(W3CHttpResponseCodec.java:198)
	at org.openqa.selenium.remote.codec.w3c.W3CHttpResponseCodec.decode(W3CHttpResponseCodec.java:131)
	at org.openqa.selenium.remote.codec.w3c.W3CHttpResponseCodec.decode(W3CHttpResponseCodec.java:52)
	at org.openqa.selenium.remote.HttpCommandExecutor.execute(HttpCommandExecutor.java:184)
	at org.openqa.selenium.remote.service.DriverCommandExecutor.invokeExecute(DriverCommandExecutor.java:153)
	at org.openqa.selenium.remote.service.DriverCommandExecutor.execute(DriverCommandExecutor.java:128)
	at org.openqa.selenium.remote.RemoteWebDriver.execute(RemoteWebDriver.java:619)
	at org.openqa.selenium.remote.RemoteWebDriver$Mechanism$2.findElement(RemoteWebDriver.java:1258)
	at org.openqa.selenium.remote.RemoteWebDriver.findElement(RemoteWebDriver.java:386)
	at org.openqa.selenium.remote.RemoteWebDriver.findElement(RemoteWebDriver.java:380)
	at org.openqa.selenium.support.ui.ExpectedConditions$6.apply(ExpectedConditions.java:174)
	at org.openqa.selenium.support.ui.ExpectedConditions$6.apply(ExpectedConditions.java:171)
	at org.openqa.selenium.support.ui.FluentWait.until(FluentWait.java:208)
	... 19 more
... Removed 12 stack frames</pre></div><a href='#' onClick='toggleBox("stack-trace582818930", this, "Click to show all stack frames", "Click to hide stack frames")'>Click to show all stack frames</a>
<div class='stack-trace' id='stack-trace582818930'><pre>org.openqa.selenium.TimeoutException: Expected condition failed: waiting for presence of element located by: By.xpath: //li[.=&quot;We can&apos;t find a user with that email address.&quot;] (tried for 10 second(s) with 500 milliseconds interval)
	at org.openqa.selenium.support.ui.WebDriverWait.timeoutException(WebDriverWait.java:138)
	at org.openqa.selenium.support.ui.FluentWait.until(FluentWait.java:231)
	at com.tms.factories.ExplicitWaitFactory.performExplicitWait(ExplicitWaitFactory.java:20)
	at com.tms.pages.BasePage.click(BasePage.java:21)
	at com.tms.pages.LoginPage.Checkvalidation1(LoginPage.java:43)
	at com.tms.tests.LoginPageTest.forgetpasswordlinktest(LoginPageTest.java:28)
	at java.base/jdk.internal.reflect.NativeMethodAccessorImpl.invoke0(Native Method)
	at java.base/jdk.internal.reflect.NativeMethodAccessorImpl.invoke(NativeMethodAccessorImpl.java:62)
	at java.base/jdk.internal.reflect.DelegatingMethodAccessorImpl.invoke(DelegatingMethodAccessorImpl.java:43)
	at java.base/java.lang.reflect.Method.invoke(Method.java:566)
	at org.testng.internal.MethodInvocationHelper.invokeMethod(MethodInvocationHelper.java:133)
	at org.testng.internal.TestInvoker.invokeMethod(TestInvoker.java:598)
	at org.testng.internal.TestInvoker.invokeTestMethod(TestInvoker.java:173)
	at org.testng.internal.TestMethodWithDataProviderMethodWorker.call(TestMethodWithDataProviderMethodWorker.java:77)
	at org.testng.internal.TestMethodWithDataProviderMethodWorker.call(TestMethodWithDataProviderMethodWorker.java:15)
	at java.base/java.util.concurrent.FutureTask.run(FutureTask.java:264)
	at java.base/java.util.concurrent.Executors$RunnableAdapter.call(Executors.java:515)
	at java.base/java.util.concurrent.FutureTask.run(FutureTask.java:264)
	at java.base/java.util.concurrent.ThreadPoolExecutor.runWorker(ThreadPoolExecutor.java:1128)
	at java.base/java.util.concurrent.ThreadPoolExecutor$Worker.run(ThreadPoolExecutor.java:628)
	at java.base/java.lang.Thread.run(Thread.java:834)
Caused by: org.openqa.selenium.NoSuchElementException: no such element: Unable to locate element: {&quot;method&quot;:&quot;xpath&quot;,&quot;selector&quot;:&quot;//li[.=&quot;We can&apos;t find a user with that email address.&quot;]&quot;}
  (Session info: chrome=98.0.4758.102)
For documentation on this error, please visit: https://selenium.dev/exceptions/#no_such_element
Build info: version: &apos;4.0.0-beta-3&apos;, revision: &apos;5d108f9a67&apos;
System info: host: &apos;LAPTOP-PVF3C24O&apos;, ip: &apos;192.168.1.17&apos;, os.name: &apos;Windows 10&apos;, os.arch: &apos;amd64&apos;, os.version: &apos;10.0&apos;, java.version: &apos;11.0.13&apos;
Driver info: org.openqa.selenium.chrome.ChromeDriver
Command: [05fc9752e6a0cac257fc60ff4bf6a721, findElement {using=xpath, value=//li[.=&quot;We can&apos;t find a user with that email address.&quot;]}]
Capabilities {acceptInsecureCerts: false, browserName: chrome, browserVersion: 98.0.4758.102, chrome: {chromedriverVersion: 97.0.4692.71 (adefa7837d02a..., userDataDir: C:\Users\2STALL~1\AppData\L...}, goog:chromeOptions: {debuggerAddress: localhost:64032}, javascriptEnabled: true, networkConnectionEnabled: false, pageLoadStrategy: normal, platform: WINDOWS, platformName: WINDOWS, proxy: Proxy(), se:cdp: ws://localhost:64032/devtoo..., se:cdpVersion: 98.0.4758.102, setWindowRect: true, strictFileInteractability: false, timeouts: {implicit: 0, pageLoad: 300000, script: 30000}, unhandledPromptBehavior: dismiss and notify, webauthn:extension:credBlob: true, webauthn:extension:largeBlob: true, webauthn:virtualAuthenticators: true}
Session ID: 05fc9752e6a0cac257fc60ff4bf6a721
	at jdk.internal.reflect.GeneratedConstructorAccessor27.newInstance(Unknown Source)
	at java.base/jdk.internal.reflect.DelegatingConstructorAccessorImpl.newInstance(DelegatingConstructorAccessorImpl.java:45)
	at java.base/java.lang.reflect.Constructor.newInstance(Constructor.java:490)
	at org.openqa.selenium.remote.codec.w3c.W3CHttpResponseCodec.createException(W3CHttpResponseCodec.java:198)
	at org.openqa.selenium.remote.codec.w3c.W3CHttpResponseCodec.decode(W3CHttpResponseCodec.java:131)
	at org.openqa.selenium.remote.codec.w3c.W3CHttpResponseCodec.decode(W3CHttpResponseCodec.java:52)
	at org.openqa.selenium.remote.HttpCommandExecutor.execute(HttpCommandExecutor.java:184)
	at org.openqa.selenium.remote.service.DriverCommandExecutor.invokeExecute(DriverCommandExecutor.java:153)
	at org.openqa.selenium.remote.service.DriverCommandExecutor.execute(DriverCommandExecutor.java:128)
	at org.openqa.selenium.remote.RemoteWebDriver.execute(RemoteWebDriver.java:619)
	at org.openqa.selenium.remote.RemoteWebDriver$Mechanism$2.findElement(RemoteWebDriver.java:1258)
	at org.openqa.selenium.remote.RemoteWebDriver.findElement(RemoteWebDriver.java:386)
	at org.openqa.selenium.remote.RemoteWebDriver.findElement(RemoteWebDriver.java:380)
	at org.openqa.selenium.support.ui.ExpectedConditions$6.apply(ExpectedConditions.java:174)
	at org.openqa.selenium.support.ui.ExpectedConditions$6.apply(ExpectedConditions.java:171)
	at org.openqa.selenium.support.ui.FluentWait.until(FluentWait.java:208)
	... 19 more
</pre></div></td>
<td>11</td>
<td>com.tms.tests.LoginPageTest@6bd61f98</td></tr>
</table><p>
<table width='100%' border='1' class='invocation-passed'>
<tr><td colspan='4' align='center'><b>PASSED TESTS</b></td></tr>
<tr><td><b>Test method</b></td>
<td width="30%"><b>Exception</b></td>
<td width="10%"><b>Time (seconds)</b></td>
<td><b>Instance</b></td>
</tr>
<tr>
<td title='com.tms.tests.LoginPageTest.loginlogouttest3()'><b>loginlogouttest3</b><br>Test class: com.tms.tests.LoginPageTest<br>Test method: To check wheather the user can successfully login and logout<br>Parameters: {FeesPaid=, Email=, Computer Navigation Skill=, Unit=, Scheduleinfodesc=, linkedIn URL=, reference=, Name3=, password=                , Billing Address=, Remarks=, Postalcode=, Street=, confirmpassword=, Name2=, Threshold=, Contact Number=, Date Of Birth=, Company Contact Person=, Meal Restrictions Type=, testname=loginlogouttest3, execute=yes, Experience=, submenu=, newpassword1=, name=, Block=, name1=, Building=, Description=, phonenumber=, EnterText=, Course Brochure Determined=, Company Contact Person Number=, Deadline Date=, browser=chrome, Mobile No=, Email1=, Nric=, Domain Area of Practice=, Room=, Billing Email=, email=, Age=, Floor=, Maxintakesize=, menuname=, Coursecode=, Company Contact Person Email=, Coursevacdesc=, Scheduleinformation=, Company SME=, TPGateway=, Billing Zip=, Minintakesize=, Payment Amount=, oldpassword1=, Company Name=, Skill=, coursecode=, Meal Restrictions=, username=superadmin@mail.com, Scheduleinfo=}</td>
<td></td>
<td>1</td>
<td>com.tms.tests.LoginPageTest@6bd61f98</td></tr>
<tr>
<td title='com.tms.tests.LoginPageTest.loginlogouttest4()'><b>loginlogouttest4</b><br>Test class: com.tms.tests.LoginPageTest<br>Test method: To check wheather the user can successfully login and logout<br>Parameters: {FeesPaid=, Email=, Computer Navigation Skill=, Unit=, Scheduleinfodesc=, linkedIn URL=, reference=, Name3=, password=124525, Billing Address=, Remarks=, Postalcode=, Street=, confirmpassword=, Name2=, Threshold=, Contact Number=, Date Of Birth=, Company Contact Person=, Meal Restrictions Type=, testname=loginlogouttest4, execute=yes, Experience=, submenu=, newpassword1=, name=, Block=, name1=, Building=, Description=, phonenumber=, EnterText=, Course Brochure Determined=, Company Contact Person Number=, Deadline Date=, browser=chrome, Mobile No=, Email1=, Nric=, Domain Area of Practice=, Room=, Billing Email=, email=, Age=, Floor=, Maxintakesize=, menuname=, Coursecode=, Company Contact Person Email=, Coursevacdesc=, Scheduleinformation=, Company SME=, TPGateway=, Billing Zip=, Minintakesize=, Payment Amount=, oldpassword1=, Company Name=, Skill=, coursecode=, Meal Restrictions=, username=superadmin@mail.com, Scheduleinfo=}</td>
<td></td>
<td>1</td>
<td>com.tms.tests.LoginPageTest@6bd61f98</td></tr>
<tr>
<td title='com.tms.tests.LoginPageTest.loginlogouttest()'><b>loginlogouttest</b><br>Test class: com.tms.tests.LoginPageTest<br>Test method: To check wheather the user can successfully login and logout<br>Parameters: {FeesPaid=, Email=, Computer Navigation Skill=, Unit=, Scheduleinfodesc=, linkedIn URL=, reference=, Name3=, password=123456, Billing Address=, Remarks=, Postalcode=, Street=, confirmpassword=, Name2=, Threshold=, Contact Number=, Date Of Birth=, Company Contact Person=, Meal Restrictions Type=, testname=loginlogouttest, execute=yes, Experience=, submenu=, newpassword1=, name=, Block=, name1=, Building=, Description=, phonenumber=, EnterText=, Course Brochure Determined=, Company Contact Person Number=, Deadline Date=, browser=chrome, Mobile No=, Email1=, Nric=, Domain Area of Practice=, Room=, Billing Email=, email=, Age=, Floor=, Maxintakesize=, menuname=, Coursecode=, Company Contact Person Email=, Coursevacdesc=, Scheduleinformation=, Company SME=, TPGateway=, Billing Zip=, Minintakesize=, Payment Amount=, oldpassword1=, Company Name=, Skill=, coursecode=, Meal Restrictions=, username=, Scheduleinfo=}</td>
<td></td>
<td>0</td>
<td>com.tms.tests.LoginPageTest@6bd61f98</td></tr>
<tr>
<td title='com.tms.tests.LoginPageTest.loginlogouttest()'><b>loginlogouttest</b><br>Test class: com.tms.tests.LoginPageTest<br>Test method: To check wheather the user can successfully login and logout<br>Parameters: {FeesPaid=, Email=, Computer Navigation Skill=, Unit=, Scheduleinfodesc=, linkedIn URL=, reference=, Name3=, password=123456, Billing Address=, Remarks=, Postalcode=, Street=, confirmpassword=, Name2=, Threshold=, Contact Number=, Date Of Birth=, Company Contact Person=, Meal Restrictions Type=, testname=loginlogouttest, execute=yes, Experience=, submenu=, newpassword1=, name=, Block=, name1=, Building=, Description=, phonenumber=, EnterText=, Course Brochure Determined=, Company Contact Person Number=, Deadline Date=, browser=chrome, Mobile No=, Email1=, Nric=, Domain Area of Practice=, Room=, Billing Email=, email=, Age=, Floor=, Maxintakesize=, menuname=, Coursecode=, Company Contact Person Email=, Coursevacdesc=, Scheduleinformation=, Company SME=, TPGateway=, Billing Zip=, Minintakesize=, Payment Amount=, oldpassword1=, Company Name=, Skill=, coursecode=, Meal Restrictions=, username=superadmin@mail.com, Scheduleinfo=}</td>
<td></td>
<td>8</td>
<td>com.tms.tests.LoginPageTest@6bd61f98</td></tr>
<tr>
<td title='com.tms.tests.LoginPageTest.forgetpasswordlinktest1()'><b>forgetpasswordlinktest1</b><br>Test class: com.tms.tests.LoginPageTest<br>Test method: check forgetpassword link test<br>Parameters: {FeesPaid=, Email=, Computer Navigation Skill=, Unit=, Scheduleinfodesc=, linkedIn URL=, reference=, Name3=, password=, Billing Address=, Remarks=, Postalcode=, Street=, confirmpassword=, Name2=, Threshold=, Contact Number=, Date Of Birth=, Company Contact Person=, Meal Restrictions Type=, testname=forgetpasswordlinktest1, execute=yes, Experience=, submenu=, newpassword1=, name=, Block=, name1=, Building=, Description=, phonenumber=, EnterText=, Course Brochure Determined=, Company Contact Person Number=, Deadline Date=, browser=chrome, Mobile No=, Email1=, Nric=, Domain Area of Practice=, Room=, Billing Email=, email=, Age=, Floor=, Maxintakesize=, menuname=, Coursecode=, Company Contact Person Email=, Coursevacdesc=, Scheduleinformation=, Company SME=, TPGateway=, Billing Zip=, Minintakesize=, Payment Amount=, oldpassword1=, Company Name=, Skill=, coursecode=, Meal Restrictions=, username=nikhil@2stallions.com, Scheduleinfo=}</td>
<td></td>
<td>5</td>
<td>com.tms.tests.LoginPageTest@6bd61f98</td></tr>
<tr>
<td title='com.tms.tests.LoginPageTest.loginlogouttest1()'><b>loginlogouttest1</b><br>Test class: com.tms.tests.LoginPageTest<br>Test method: To check wheather the user can successfully login and logout<br>Parameters: {FeesPaid=, Email=, Computer Navigation Skill=, Unit=, Scheduleinfodesc=, linkedIn URL=, reference=, Name3=, password=123456, Billing Address=, Remarks=, Postalcode=, Street=, confirmpassword=, Name2=, Threshold=, Contact Number=, Date Of Birth=, Company Contact Person=, Meal Restrictions Type=, testname=loginlogouttest1, execute=yes, Experience=, submenu=, newpassword1=, name=, Block=, name1=, Building=, Description=, phonenumber=, EnterText=, Course Brochure Determined=, Company Contact Person Number=, Deadline Date=, browser=chrome, Mobile No=, Email1=, Nric=, Domain Area of Practice=, Room=, Billing Email=, email=, Age=, Floor=, Maxintakesize=, menuname=, Coursecode=, Company Contact Person Email=, Coursevacdesc=, Scheduleinformation=, Company SME=, TPGateway=, Billing Zip=, Minintakesize=, Payment Amount=, oldpassword1=, Company Name=, Skill=, coursecode=, Meal Restrictions=, username=superadmin@mail.com, Scheduleinfo=}</td>
<td></td>
<td>12</td>
<td>com.tms.tests.LoginPageTest@6bd61f98</td></tr>
<tr>
<td title='com.tms.tests.LoginPageTest.loginlogouttest2()'><b>loginlogouttest2</b><br>Test class: com.tms.tests.LoginPageTest<br>Test method: To check wheather the user can successfully login and logout<br>Parameters: {FeesPaid=, Email=, Computer Navigation Skill=, Unit=, Scheduleinfodesc=, linkedIn URL=, reference=, Name3=, password=123456, Billing Address=, Remarks=, Postalcode=, Street=, confirmpassword=, Name2=, Threshold=, Contact Number=, Date Of Birth=, Company Contact Person=, Meal Restrictions Type=, testname=loginlogouttest2, execute=yes, Experience=, submenu=, newpassword1=, name=, Block=, name1=, Building=, Description=, phonenumber=, EnterText=, Course Brochure Determined=, Company Contact Person Number=, Deadline Date=, browser=chrome, Mobile No=, Email1=, Nric=, Domain Area of Practice=, Room=, Billing Email=, email=, Age=, Floor=, Maxintakesize=, menuname=, Coursecode=, Company Contact Person Email=, Coursevacdesc=, Scheduleinformation=, Company SME=, TPGateway=, Billing Zip=, Minintakesize=, Payment Amount=, oldpassword1=, Company Name=, Skill=, coursecode=, Meal Restrictions=, username=                     , Scheduleinfo=}</td>
<td></td>
<td>2</td>
<td>com.tms.tests.LoginPageTest@6bd61f98</td></tr>
<tr>
<td title='com.tms.tests.LoginPageTest.loginlogouttest4()'><b>loginlogouttest4</b><br>Test class: com.tms.tests.LoginPageTest<br>Test method: To check wheather the user can successfully login and logout<br>Parameters: {FeesPaid=, Email=, Computer Navigation Skill=, Unit=, Scheduleinfodesc=, linkedIn URL=, reference=, Name3=, password=123456, Billing Address=, Remarks=, Postalcode=, Street=, confirmpassword=, Name2=, Threshold=, Contact Number=, Date Of Birth=, Company Contact Person=, Meal Restrictions Type=, testname=loginlogouttest4, execute=yes, Experience=, submenu=, newpassword1=, name=, Block=, name1=, Building=, Description=, phonenumber=, EnterText=, Course Brochure Determined=, Company Contact Person Number=, Deadline Date=, browser=chrome, Mobile No=, Email1=, Nric=, Domain Area of Practice=, Room=, Billing Email=, email=, Age=, Floor=, Maxintakesize=, menuname=, Coursecode=, Company Contact Person Email=, Coursevacdesc=, Scheduleinformation=, Company SME=, TPGateway=, Billing Zip=, Minintakesize=, Payment Amount=, oldpassword1=, Company Name=, Skill=, coursecode=, Meal Restrictions=, username=test@test.com, Scheduleinfo=}</td>
<td></td>
<td>1</td>
<td>com.tms.tests.LoginPageTest@6bd61f98</td></tr>
<tr>
<td title='com.tms.tests.LoginPageTest.loginlogouttest()'><b>loginlogouttest</b><br>Test class: com.tms.tests.LoginPageTest<br>Test method: To check wheather the user can successfully login and logout<br>Parameters: {FeesPaid=, Email=, Computer Navigation Skill=, Unit=, Scheduleinfodesc=, linkedIn URL=, reference=, Name3=, password=, Billing Address=, Remarks=, Postalcode=, Street=, confirmpassword=, Name2=, Threshold=, Contact Number=, Date Of Birth=, Company Contact Person=, Meal Restrictions Type=, testname=loginlogouttest, execute=yes, Experience=, submenu=, newpassword1=, name=, Block=, name1=, Building=, Description=, phonenumber=, EnterText=, Course Brochure Determined=, Company Contact Person Number=, Deadline Date=, browser=chrome, Mobile No=, Email1=, Nric=, Domain Area of Practice=, Room=, Billing Email=, email=, Age=, Floor=, Maxintakesize=, menuname=, Coursecode=, Company Contact Person Email=, Coursevacdesc=, Scheduleinformation=, Company SME=, TPGateway=, Billing Zip=, Minintakesize=, Payment Amount=, oldpassword1=, Company Name=, Skill=, coursecode=, Meal Restrictions=, username=superadmin@mail.com, Scheduleinfo=}</td>
<td></td>
<td>0</td>
<td>com.tms.tests.LoginPageTest@6bd61f98</td></tr>
<tr>
<td title='com.tms.tests.LoginPageTest.forgetpasswordlinktest()'><b>forgetpasswordlinktest</b><br>Test class: com.tms.tests.LoginPageTest<br>Test method: check forgetpassword link test<br>Parameters: {FeesPaid=, Email=, Computer Navigation Skill=, Unit=, Scheduleinfodesc=, linkedIn URL=, reference=, Name3=, password=, Billing Address=, Remarks=, Postalcode=, Street=, confirmpassword=, Name2=, Threshold=, Contact Number=, Date Of Birth=, Company Contact Person=, Meal Restrictions Type=, testname=forgetpasswordlinktest, execute=yes, Experience=, submenu=, newpassword1=, name=, Block=, name1=, Building=, Description=, phonenumber=, EnterText=, Course Brochure Determined=, Company Contact Person Number=, Deadline Date=, browser=chrome, Mobile No=, Email1=, Nric=, Domain Area of Practice=, Room=, Billing Email=, email=, Age=, Floor=, Maxintakesize=, menuname=, Coursecode=, Company Contact Person Email=, Coursevacdesc=, Scheduleinformation=, Company SME=, TPGateway=, Billing Zip=, Minintakesize=, Payment Amount=, oldpassword1=, Company Name=, Skill=, coursecode=, Meal Restrictions=, username=test@test.com, Scheduleinfo=}</td>
<td></td>
<td>5</td>
<td>com.tms.tests.LoginPageTest@6bd61f98</td></tr>
<tr>
<td title='com.tms.tests.LoginPageTest.forgetpasswordlinktest2()'><b>forgetpasswordlinktest2</b><br>Test class: com.tms.tests.LoginPageTest<br>Test method: check forgetpassword link test<br>Parameters: {FeesPaid=, Email=, Computer Navigation Skill=, Unit=, Scheduleinfodesc=, linkedIn URL=, reference=, Name3=, password=, Billing Address=, Remarks=, Postalcode=, Street=, confirmpassword=, Name2=, Threshold=, Contact Number=, Date Of Birth=, Company Contact Person=, Meal Restrictions Type=, testname=forgetpasswordlinktest2, execute=yes, Experience=, submenu=, newpassword1=, name=, Block=, name1=, Building=, Description=, phonenumber=, EnterText=, Course Brochure Determined=, Company Contact Person Number=, Deadline Date=, browser=chrome, Mobile No=, Email1=, Nric=, Domain Area of Practice=, Room=, Billing Email=, email=, Age=, Floor=, Maxintakesize=, menuname=, Coursecode=, Company Contact Person Email=, Coursevacdesc=, Scheduleinformation=, Company SME=, TPGateway=, Billing Zip=, Minintakesize=, Payment Amount=, oldpassword1=, Company Name=, Skill=, coursecode=, Meal Restrictions=, username=nikhil, Scheduleinfo=}</td>
<td></td>
<td>6</td>
<td>com.tms.tests.LoginPageTest@6bd61f98</td></tr>
</table><p>
</body>
</html>