<?xml version="1.0" encoding="UTF-8"?>
<testng-results ignored="0" total="1" passed="0" failed="1" skipped="0">
  <reporter-output>
  </reporter-output>
  <suite started-at="2022-02-22T15:02:43 IST" name="Suite" finished-at="2022-02-22T15:03:13 IST" duration-ms="29984">
    <groups>
    </groups>
    <test started-at="2022-02-22T15:02:43 IST" name="Test" finished-at="2022-02-22T15:03:13 IST" duration-ms="29984">
      <class name="com.tms.tests.CoursePageTest">
        <test-method is-config="true" signature="setUp([Ljava.lang.Object;)[pri:0, instance:com.tms.tests.CoursePageTest@7161d8d1]" started-at="2022-02-22T15:02:44 IST" name="setUp" finished-at="2022-02-22T15:03:02 IST" duration-ms="18149" status="PASS">
          <params>
            <param index="0">
              <value>
                <![CDATA[[Ljava.lang.Object;@45792847]]>
              </value>
            </param>
          </params>
          <reporter-output>
          </reporter-output>
        </test-method> <!-- setUp -->
        <test-method signature="AddnewCourseRecordTest(java.util.Map)[pri:0, instance:com.tms.tests.CoursePageTest@7161d8d1]" started-at="2022-02-22T15:03:02 IST" name="AddnewCourseRecordTest" description="Verify that AddnewCourseRecordTest working or not" data-provider="getData" finished-at="2022-02-22T15:03:12 IST" duration-ms="9456" status="FAIL">
          <params>
            <param index="0">
              <value>
                <![CDATA[{FeesPaid=, Email=, Computer Navigation Skill=, Unit=, Scheduleinfodesc=, linkedIn URL=, reference=2526252588B, Name3=, password=123456, Billing Address=, Remarks=, Postalcode=, Street=, confirmpassword=, Name2=, Threshold=, Contact Number=, Date Of Birth=, Company Contact Person=, Meal Restrictions Type=, testname=AddnewCourseRecordTest, execute=yes, Experience=, submenu=All Courses, newpassword1=, name=, Block=, name1=Automation Selenium, Building=, Description=, phonenumber=, EnterText=, Course Brochure Determined=, Company Contact Person Number=, Deadline Date=, browser=chrome, Mobile No=, Email1=, Nric=, Domain Area of Practice=, Room=, Billing Email=, email=, Age=, Floor=, Maxintakesize=, menuname=Course, Coursecode=, Company Contact Person Email=, Coursevacdesc=, Scheduleinformation=, Company SME=, TPGateway=, Billing Zip=, Minintakesize=, Payment Amount=, oldpassword1=, Company Name=, Skill=6525233C, coursecode=, Meal Restrictions=, username=superadmin@mail.com, Scheduleinfo=}]]>
              </value>
            </param>
          </params>
          <exception class="java.lang.AssertionError">
            <message>
              <![CDATA[expected [Courses List - TMS] but found [Add Course - TMS]]]>
            </message>
            <full-stacktrace>
              <![CDATA[java.lang.AssertionError: expected [Courses List - TMS] but found [Add Course - TMS]
at org.testng.Assert.fail(Assert.java:99)
at org.testng.Assert.failNotEquals(Assert.java:1037)
at org.testng.Assert.assertEqualsImpl(Assert.java:140)
at org.testng.Assert.assertEquals(Assert.java:122)
at org.testng.Assert.assertEquals(Assert.java:629)
at org.testng.Assert.assertEquals(Assert.java:639)
at com.tms.tests.CoursePageTest.AddnewCourseRecordTest(CoursePageTest.java:48)
at java.base/jdk.internal.reflect.NativeMethodAccessorImpl.invoke0(Native Method)
at java.base/jdk.internal.reflect.NativeMethodAccessorImpl.invoke(NativeMethodAccessorImpl.java:62)
at java.base/jdk.internal.reflect.DelegatingMethodAccessorImpl.invoke(DelegatingMethodAccessorImpl.java:43)
at java.base/java.lang.reflect.Method.invoke(Method.java:566)
at org.testng.internal.MethodInvocationHelper.invokeMethod(MethodInvocationHelper.java:133)
at org.testng.internal.TestInvoker.invokeMethod(TestInvoker.java:598)
at org.testng.internal.TestInvoker.invokeTestMethod(TestInvoker.java:173)
at org.testng.internal.TestMethodWithDataProviderMethodWorker.call(TestMethodWithDataProviderMethodWorker.java:77)
at org.testng.internal.TestMethodWithDataProviderMethodWorker.call(TestMethodWithDataProviderMethodWorker.java:15)
at java.base/java.util.concurrent.FutureTask.run(FutureTask.java:264)
at java.base/java.util.concurrent.Executors$RunnableAdapter.call(Executors.java:515)
at java.base/java.util.concurrent.FutureTask.run(FutureTask.java:264)
at java.base/java.util.concurrent.ThreadPoolExecutor.runWorker(ThreadPoolExecutor.java:1128)
at java.base/java.util.concurrent.ThreadPoolExecutor$Worker.run(ThreadPoolExecutor.java:628)
at java.base/java.lang.Thread.run(Thread.java:834)
]]>
            </full-stacktrace>
          </exception> <!-- java.lang.AssertionError -->
          <reporter-output>
          </reporter-output>
        </test-method> <!-- AddnewCourseRecordTest -->
        <test-method is-config="true" signature="tearDown()[pri:0, instance:com.tms.tests.CoursePageTest@7161d8d1]" started-at="2022-02-22T15:03:12 IST" name="tearDown" finished-at="2022-02-22T15:03:13 IST" duration-ms="791" status="PASS">
          <reporter-output>
          </reporter-output>
        </test-method> <!-- tearDown -->
      </class> <!-- com.tms.tests.CoursePageTest -->
    </test> <!-- Test -->
  </suite> <!-- Suite -->
</testng-results>
